0 info it worked if it ends with ok
1 verbose cli [ '/usr/local/Cellar/node/5.4.0/bin/node',
1 verbose cli   '/usr/local/bin/npm',
1 verbose cli   'run',
1 verbose cli   'build' ]
2 info using npm@3.3.12
3 info using node@v5.4.0
4 verbose run-script [ 'prebuild', 'build', 'postbuild' ]
5 info lifecycle ng2-page-slider@0.5.1~prebuild: ng2-page-slider@0.5.1
6 silly lifecycle ng2-page-slider@0.5.1~prebuild: no script for prebuild, continuing
7 info lifecycle ng2-page-slider@0.5.1~build: ng2-page-slider@0.5.1
8 verbose lifecycle ng2-page-slider@0.5.1~build: unsafe-perm in lifecycle true
9 verbose lifecycle ng2-page-slider@0.5.1~build: PATH: /usr/local/lib/node_modules/npm/bin/node-gyp-bin:/Users/KeatonTech/Documents/Development/OpenSource/pageslider/node_modules/.bin:/Users/KeatonTech/anaconda/bin:/usr/local/bin:/usr/bin:/bin:/usr/sbin:/sbin:/Library/TeX/texbin
10 verbose lifecycle ng2-page-slider@0.5.1~build: CWD: /Users/KeatonTech/Documents/Development/OpenSource/pageslider
11 silly lifecycle ng2-page-slider@0.5.1~build: Args: [ '-c', 'tsc -d' ]
12 silly lifecycle ng2-page-slider@0.5.1~build: Returned: code: 2  signal: null
13 info lifecycle ng2-page-slider@0.5.1~build: Failed to exec build script
14 verbose stack Error: ng2-page-slider@0.5.1 build: `tsc -d`
14 verbose stack Exit status 2
14 verbose stack     at EventEmitter.<anonymous> (/usr/local/lib/node_modules/npm/lib/utils/lifecycle.js:232:16)
14 verbose stack     at emitTwo (events.js:87:13)
14 verbose stack     at EventEmitter.emit (events.js:172:7)
14 verbose stack     at ChildProcess.<anonymous> (/usr/local/lib/node_modules/npm/lib/utils/spawn.js:24:14)
14 verbose stack     at emitTwo (events.js:87:13)
14 verbose stack     at ChildProcess.emit (events.js:172:7)
14 verbose stack     at maybeClose (internal/child_process.js:821:16)
14 verbose stack     at Process.ChildProcess._handle.onexit (internal/child_process.js:211:5)
15 verbose pkgid ng2-page-slider@0.5.1
16 verbose cwd /Users/KeatonTech/Documents/Development/OpenSource/pageslider
17 error Darwin 15.5.0
18 error argv "/usr/local/Cellar/node/5.4.0/bin/node" "/usr/local/bin/npm" "run" "build"
19 error node v5.4.0
20 error npm  v3.3.12
21 error code ELIFECYCLE
22 error ng2-page-slider@0.5.1 build: `tsc -d`
22 error Exit status 2
23 error Failed at the ng2-page-slider@0.5.1 build script 'tsc -d'.
23 error Make sure you have the latest version of node.js and npm installed.
23 error If you do, this is most likely a problem with the ng2-page-slider package,
23 error not with npm itself.
23 error Tell the author that this fails on your system:
23 error     tsc -d
23 error You can get their info via:
23 error     npm owner ls ng2-page-slider
23 error There is likely additional logging output above.
24 verbose exit [ 1, true ]
